-------------------------------------------------------------------------------
Test set: main.java.velcro.Model.ClassesTest
-------------------------------------------------------------------------------
Tests run: 15, Failures: 1, Errors: 0, Skipped: 0, Time elapsed: 0.001 s <<< FAILURE! - in main.java.velcro.Model.ClassesTest
testEquals  Time elapsed: 0 s  <<< FAILURE!
org.opentest4j.AssertionFailedError: expected: <false> but was: <true>
	at main.java.velcro.Model.ClassesTest.testEquals(ClassesTest.java:45)

