<?xml version="1.0" encoding="UTF-8"?>
<testsuite xmlns:xsi="http://www.w3.org/2001/XMLSchema-instance" xsi:noNamespaceSchemaLocation="https://maven.apache.org/surefire/maven-surefire-plugin/xsd/surefire-test-report.xsd" name="main.java.velcro.Model.IteratorListTest" time="0.001" tests="6" errors="0" skipped="0" failures="0">
  <properties>
[...]
</properties>
  <testcase name="getIterator" classname="main.java.velcro.Model.IteratorListTest" time="0"/>
  <testcase name="remove" classname="main.java.velcro.Model.IteratorListTest" time="0.001"/>
  <testcase name="add" classname="main.java.velcro.Model.IteratorListTest" time="0"/>
  <testcase name="size" classname="main.java.velcro.Model.IteratorListTest" time="0"/>
  <testcase name="clear" classname="main.java.velcro.Model.IteratorListTest" time="0"/>
  <testcase name="testRemove" classname="main.java.velcro.Model.IteratorListTest" time="0"/>
</testsuite>