<?xml version="1.0" encoding="UTF-8"?>
<testsuite xmlns:xsi="http://www.w3.org/2001/XMLSchema-instance" xsi:noNamespaceSchemaLocation="https://maven.apache.org/surefire/maven-surefire-plugin/xsd/surefire-test-report.xsd" name="velcro.Controller.GUIControllerTest" time="0" tests="4" errors="0" skipped="0" failures="0">
  <properties>
[...]
</properties>
  <testcase name="lineItHit" classname="velcro.Controller.GUIControllerTest" time="0"/>
  <testcase name="getEll" classname="velcro.Controller.GUIControllerTest" time="0"/>
  <testcase name="doDrawing" classname="velcro.Controller.GUIControllerTest" time="0"/>
  <testcase name="missAllLines" classname="velcro.Controller.GUIControllerTest" time="0"/>
</testsuite>