<?xml version="1.0" encoding="UTF-8" ?>
<testsuite tests="4" failures="0" name="main.java.velcro.Model.FieldsTest" time="0.001" errors="0" skipped="0">
  <properties>
[...]
</properties>
  <testcase classname="main.java.velcro.Model.FieldsTest" name="rename" time="0.001"/>
  <testcase classname="main.java.velcro.Model.FieldsTest" name="getName" time="0"/>
  <testcase classname="main.java.velcro.Model.FieldsTest" name="getType" time="0"/>
  <testcase classname="main.java.velcro.Model.FieldsTest" name="testEquals" time="0"/>
</testsuite>